{"logTime": "0105/182007", "correlationVector":"nfb/9yyttwuWlzXeChrAO9.0","action":"FeedSettingFetch_homeCloud", "result":"0", "context":{}}
{"logTime": "0105/182007", "correlationVector":"memNVU+YNJwosUQjNBeKqC.1","action":"SyncServerConnectionManagerRequest", "result":"SYNC_SERVER_OK", "context":{"environment":"Prod_SoutheastAsia_000j", "server":"GENERAL0100001F"}}
{"logTime": "0105/182007", "correlationVector":"memNVU+YNJwosUQjNBeKqC","action":"Initial GetUpdates", "result":"", "context":Reason: NEW_CLIENT. cV=memNVU+YNJwosUQjNBeKqC}
{"logTime": "0105/182007", "correlationVector":"memNVU+YNJwosUQjNBeKqC.2","action":"GetUpdates Response", "result":"SYNCER_OK", "context":Received 1 update(s). cV=memNVU+YNJwosUQjNBeKqC.0;server=GENERAL0100001F;cloudType=Consumer;environment=Prod_SoutheastAsia_000j}
{"logTime": "0105/182015", "correlationVector":"mCXggZ5OtXIq+eLktOnhfO","action":"SyncServerConnectionManagerRequest", "result":"SYNC_SERVER_OK", "context":{"environment":"", "server":""}}
{"logTime": "0105/182015", "correlationVector":"JQR/ztqplDYM0+xSf8iINi","action":"Initial GetUpdates", "result":"", "context":Reason: NEW_CLIENT. cV=JQR/ztqplDYM0+xSf8iINi}
{"logTime": "0105/182017", "correlationVector":"JQR/ztqplDYM0+xSf8iINi.1","action":"SyncServerConnectionManagerRequest", "result":"SYNC_SERVER_OK", "context":{"environment":"Prod_SoutheastAsia_000j", "server":"GENERAL0100000A"}}
{"logTime": "0105/182017", "correlationVector":"JQR/ztqplDYM0+xSf8iINi.2","action":"GetUpdates Response", "result":"SYNCER_OK", "context":Received 5 update(s). cV=JQR/ztqplDYM0+xSf8iINi.0;server=GENERAL0100000A;cloudType=Consumer;environment=Prod_SoutheastAsia_000j}
{"logTime": "0105/182017", "correlationVector":"Oxu8ebKwY0fLTqvp0ZrcXV","action":"Normal GetUpdate request", "result":"", "context":cV=Oxu8ebKwY0fLTqvp0ZrcXV
Nudged types: Device Info, User Consents
Refresh requested types: Device Info, User Consents, Send Tab To Self, Encryption Keys}
{"logTime": "0105/182017", "correlationVector":"Oxu8ebKwY0fLTqvp0ZrcXV.1","action":"SyncServerConnectionManagerRequest", "result":"SYNC_SERVER_OK", "context":{"environment":"Prod_SoutheastAsia_000j", "server":"GENERAL01000011"}}
{"logTime": "0105/182017", "correlationVector":"Oxu8ebKwY0fLTqvp0ZrcXV.2","action":"GetUpdates Response", "result":"SYNCER_OK", "context":Received 0 update(s). cV=Oxu8ebKwY0fLTqvp0ZrcXV.0;server=GENERAL01000011;cloudType=Consumer;environment=Prod_SoutheastAsia_000j}
{"logTime": "0105/182017", "correlationVector":"t3WtBZWvFp5jpx3We3ohsF","action":"Commit Request", "result":"", "context":Item count: 1
Contributing types: Device Info}
{"logTime": "0105/182018", "correlationVector":"t3WtBZWvFp5jpx3We3ohsF.1","action":"SyncServerConnectionManagerRequest", "result":"SYNC_SERVER_OK", "context":{"environment":"Prod_SoutheastAsia_000j", "server":"GENERAL0100000Y"}}
{"logTime": "0105/182018", "correlationVector":"t3WtBZWvFp5jpx3We3ohsF.2","action":"Commit Response", "result":"SYNCER_OK", "context":Result: SYNCER_OK. cV=t3WtBZWvFp5jpx3We3ohsF.0;server=GENERAL0100000Y;cloudType=Consumer;environment=Prod_SoutheastAsia_000j}
{"logTime": "0105/182018", "correlationVector":"6g2OKiqlNiAVTi/vtpXHJJ","action":"Commit Request", "result":"", "context":Item count: 1
Contributing types: User Consents}
{"logTime": "0105/182018", "correlationVector":"6g2OKiqlNiAVTi/vtpXHJJ.1","action":"SyncServerConnectionManagerRequest", "result":"SYNC_SERVER_OK", "context":{"environment":"Prod_SoutheastAsia_000j", "server":"GENERAL0100000E"}}
{"logTime": "0105/182018", "correlationVector":"6g2OKiqlNiAVTi/vtpXHJJ.2","action":"Commit Response", "result":"SYNCER_OK", "context":Result: SYNCER_OK. cV=6g2OKiqlNiAVTi/vtpXHJJ.0;server=GENERAL0100000E;cloudType=Consumer;environment=Prod_SoutheastAsia_000j}
{"logTime": "0105/182018", "correlationVector":"9ES4L3X+3iZx114w4kW02d","action":"Normal GetUpdate request", "result":"", "context":cV=9ES4L3X+3iZx114w4kW02d
Nudged types: Device Info}
{"logTime": "0105/182019", "correlationVector":"9ES4L3X+3iZx114w4kW02d.1","action":"SyncServerConnectionManagerRequest", "result":"SYNC_SERVER_OK", "context":{"environment":"Prod_SoutheastAsia_000j", "server":"GENERAL0100000N"}}
{"logTime": "0105/182019", "correlationVector":"9ES4L3X+3iZx114w4kW02d.2","action":"GetUpdates Response", "result":"SYNCER_OK", "context":Received 1 update(s). cV=9ES4L3X+3iZx114w4kW02d.0;server=GENERAL0100000N;cloudType=Consumer;environment=Prod_SoutheastAsia_000j}
{"logTime": "0108/190733", "correlationVector":"njq+aqbveGJ4xCjGzFOXe+.0","action":"FeedSettingFetch_homeCloud", "result":"0", "context":{}}
{"logTime": "0108/190733", "correlationVector":"2wmp0tzrU/RcB737qdbQvO.1","action":"SyncServerConnectionManagerRequest", "result":"SYNC_SERVER_OK", "context":{"environment":"Prod_SoutheastAsia_000j", "server":"GENERAL01000012"}}
{"logTime": "0108/190733", "correlationVector":"2wmp0tzrU/RcB737qdbQvO","action":"Initial GetUpdates", "result":"", "context":Reason: NEW_CLIENT. cV=2wmp0tzrU/RcB737qdbQvO}
{"logTime": "0108/190733", "correlationVector":"2wmp0tzrU/RcB737qdbQvO.2","action":"GetUpdates Response", "result":"SYNCER_OK", "context":Received 1 update(s). cV=2wmp0tzrU/RcB737qdbQvO.0;server=GENERAL01000012;cloudType=Consumer;environment=Prod_SoutheastAsia_000j}
{"logTime": "0108/190733", "correlationVector":"wyKUgad904Xxyj3Mt3K8pd","action":"Initial GetUpdates", "result":"", "context":Reason: NEW_CLIENT. cV=wyKUgad904Xxyj3Mt3K8pd}
{"logTime": "0108/190733", "correlationVector":"wyKUgad904Xxyj3Mt3K8pd.1","action":"SyncServerConnectionManagerRequest", "result":"SYNC_SERVER_OK", "context":{"environment":"Prod_SoutheastAsia_000j", "server":"GENERAL01000006"}}
{"logTime": "0108/190733", "correlationVector":"wyKUgad904Xxyj3Mt3K8pd.2","action":"GetUpdates Response", "result":"SYNCER_OK", "context":Received 6 update(s). cV=wyKUgad904Xxyj3Mt3K8pd.0;server=GENERAL01000006;cloudType=Consumer;environment=Prod_SoutheastAsia_000j}
{"logTime": "0108/190733", "correlationVector":"0T9lS35edr5MuK+XQqjUdy","action":"Normal GetUpdate request", "result":"", "context":cV=0T9lS35edr5MuK+XQqjUdy
Nudged types: Device Info
Refresh requested types: Device Info, User Consents, Send Tab To Self, Encryption Keys}
{"logTime": "0108/190733", "correlationVector":"0T9lS35edr5MuK+XQqjUdy.1","action":"SyncServerConnectionManagerRequest", "result":"SYNC_SERVER_OK", "context":{"environment":"Prod_SoutheastAsia_000j", "server":"GENERAL01000016"}}
{"logTime": "0108/190733", "correlationVector":"0T9lS35edr5MuK+XQqjUdy.2","action":"GetUpdates Response", "result":"SYNCER_OK", "context":Received 0 update(s). cV=0T9lS35edr5MuK+XQqjUdy.0;server=GENERAL01000016;cloudType=Consumer;environment=Prod_SoutheastAsia_000j}
{"logTime": "0108/190733", "correlationVector":"ZHEuW93J/lMyGKB+DISwaD","action":"Commit Request", "result":"", "context":Item count: 1
Contributing types: Device Info}
{"logTime": "0108/190733", "correlationVector":"ZHEuW93J/lMyGKB+DISwaD.1","action":"SyncServerConnectionManagerRequest", "result":"SYNC_SERVER_OK", "context":{"environment":"Prod_SoutheastAsia_000j", "server":"GENERAL01000001"}}
{"logTime": "0108/190733", "correlationVector":"ZHEuW93J/lMyGKB+DISwaD.2","action":"Commit Response", "result":"SYNCER_OK", "context":Result: SYNCER_OK. cV=ZHEuW93J/lMyGKB+DISwaD.0;server=GENERAL01000001;cloudType=Consumer;environment=Prod_SoutheastAsia_000j}
{"logTime": "0108/190733", "correlationVector":"QLvVdKqCck7vpsQHZ3H+Zn","action":"Normal GetUpdate request", "result":"", "context":cV=QLvVdKqCck7vpsQHZ3H+Zn
Nudged types: Device Info}
{"logTime": "0108/190733", "correlationVector":"QLvVdKqCck7vpsQHZ3H+Zn.1","action":"SyncServerConnectionManagerRequest", "result":"SYNC_SERVER_OK", "context":{"environment":"Prod_SoutheastAsia_000j", "server":"GENERAL01000001"}}
{"logTime": "0108/190733", "correlationVector":"QLvVdKqCck7vpsQHZ3H+Zn.2","action":"GetUpdates Response", "result":"SYNCER_OK", "context":Received 1 update(s). cV=QLvVdKqCck7vpsQHZ3H+Zn.0;server=GENERAL01000001;cloudType=Consumer;environment=Prod_SoutheastAsia_000j}
{"logTime": "0108/190820", "correlationVector":"bqCgPNhOOqxt+prhIqeV+q","action":"SyncServerConnectionManagerRequest", "result":"SYNC_SERVER_OK", "context":{"environment":"", "server":""}}
{"logTime": "0108/190820", "correlationVector":"h2pXdHU7YGbfk+ZtOqp0d6","action":"Normal GetUpdate request", "result":"", "context":cV=h2pXdHU7YGbfk+ZtOqp0d6
Notified types: Device Info}
{"logTime": "0108/190821", "correlationVector":"h2pXdHU7YGbfk+ZtOqp0d6.1","action":"SyncServerConnectionManagerRequest", "result":"SYNC_SERVER_OK", "context":{"environment":"Prod_SoutheastAsia_000j", "server":"GENERAL0100000D"}}
{"logTime": "0108/190822", "correlationVector":"h2pXdHU7YGbfk+ZtOqp0d6.2","action":"GetUpdates Response", "result":"SYNCER_OK", "context":Received 0 update(s). cV=h2pXdHU7YGbfk+ZtOqp0d6.0;server=GENERAL0100000D;cloudType=Consumer;environment=Prod_SoutheastAsia_000j}
{"logTime": "0108/190822", "correlationVector":"/vjlrhnYrWY9Iwa40VBzak","action":"Normal GetUpdate request", "result":"", "context":cV=/vjlrhnYrWY9Iwa40VBzak
Refresh requested types: Device Info, User Consents, Send Tab To Self, Encryption Keys}
{"logTime": "0108/190822", "correlationVector":"/vjlrhnYrWY9Iwa40VBzak.1","action":"SyncServerConnectionManagerRequest", "result":"SYNC_SERVER_OK", "context":{"environment":"Prod_SoutheastAsia_000j", "server":"GENERAL01000017"}}
{"logTime": "0108/190822", "correlationVector":"/vjlrhnYrWY9Iwa40VBzak.2","action":"GetUpdates Response", "result":"SYNCER_OK", "context":Received 0 update(s). cV=/vjlrhnYrWY9Iwa40VBzak.0;server=GENERAL01000017;cloudType=Consumer;environment=Prod_SoutheastAsia_000j}
{"logTime": "0202/194711", "correlationVector":"AN7fooZ4DW0kSyy6BG9psd.0","action":"FeedSettingFetch_homeCloud", "result":"0", "context":{}}
{"logTime": "0202/194712", "correlationVector":"AN7fooZ4DW0kSyy6BG9psd.0","action":"SyncServerConnectionManagerRequest", "result":"SYNC_SERVER_OK", "context":{"environment":"", "server":""}}
{"logTime": "0202/194713", "correlationVector":"RDB9+mwwS+MvuN0omGhTw9.1","action":"SyncServerConnectionManagerRequest", "result":"SYNC_SERVER_OK", "context":{"environment":"Prod_SoutheastAsia_000j", "server":"GENERAL01000006"}}
{"logTime": "0202/194713", "correlationVector":"RDB9+mwwS+MvuN0omGhTw9","action":"Initial GetUpdates", "result":"", "context":Reason: NEW_CLIENT. cV=RDB9+mwwS+MvuN0omGhTw9}
{"logTime": "0202/194713", "correlationVector":"RDB9+mwwS+MvuN0omGhTw9.2","action":"GetUpdates Response", "result":"SYNCER_OK", "context":Received 1 update(s). cV=RDB9+mwwS+MvuN0omGhTw9.0;server=GENERAL01000006;cloudType=Consumer;environment=Prod_SoutheastAsia_000j}
{"logTime": "0202/194713", "correlationVector":"R/SmUTXZ7D0PFexJoYpBrE","action":"Initial GetUpdates", "result":"", "context":Reason: NEW_CLIENT. cV=R/SmUTXZ7D0PFexJoYpBrE}
{"logTime": "0202/194714", "correlationVector":"R/SmUTXZ7D0PFexJoYpBrE.1","action":"SyncServerConnectionManagerRequest", "result":"SYNC_SERVER_OK", "context":{"environment":"Prod_SoutheastAsia_000j", "server":"GENERAL0100000N"}}
{"logTime": "0202/194714", "correlationVector":"R/SmUTXZ7D0PFexJoYpBrE.2","action":"GetUpdates Response", "result":"SYNCER_OK", "context":Received 42 update(s). cV=R/SmUTXZ7D0PFexJoYpBrE.0;server=GENERAL0100000N;cloudType=Consumer;environment=Prod_SoutheastAsia_000j}
{"logTime": "0202/194714", "correlationVector":"utxYm5AAkpZur3OdZgtlZG","action":"Initial GetUpdates", "result":"", "context":Reason: NEW_CLIENT. cV=utxYm5AAkpZur3OdZgtlZG}
{"logTime": "0202/194714", "correlationVector":"utxYm5AAkpZur3OdZgtlZG.1","action":"SyncServerConnectionManagerRequest", "result":"SYNC_SERVER_OK", "context":{"environment":"Prod_SoutheastAsia_000j", "server":"GENERAL0100000D"}}
{"logTime": "0202/194714", "correlationVector":"utxYm5AAkpZur3OdZgtlZG.2","action":"GetUpdates Response", "result":"SYNCER_OK", "context":Received 8 update(s). cV=utxYm5AAkpZur3OdZgtlZG.0;server=GENERAL0100000D;cloudType=Consumer;environment=Prod_SoutheastAsia_000j}
{"logTime": "0202/194714", "correlationVector":"QILpAW3xafe+bqBN+L+5cA","action":"Initial GetUpdates", "result":"", "context":Reason: NEW_CLIENT. cV=QILpAW3xafe+bqBN+L+5cA}
{"logTime": "0202/194715", "correlationVector":"QILpAW3xafe+bqBN+L+5cA.1","action":"SyncServerConnectionManagerRequest", "result":"SYNC_SERVER_OK", "context":{"environment":"Prod_SoutheastAsia_000j", "server":"GENERAL0100001E"}}
{"logTime": "0202/194715", "correlationVector":"QILpAW3xafe+bqBN+L+5cA.2","action":"GetUpdates Response", "result":"SYNCER_OK", "context":Received 71 update(s). cV=QILpAW3xafe+bqBN+L+5cA.0;server=GENERAL0100001E;cloudType=Consumer;environment=Prod_SoutheastAsia_000j}
{"logTime": "0202/194715", "correlationVector":"Yzhdsl+sBEv3w0pMzXNKJF","action":"Normal GetUpdate request", "result":"", "context":cV=Yzhdsl+sBEv3w0pMzXNKJF
Nudged types: Sessions, Device Info, User Consents
Refresh requested types: Bookmarks, Preferences, Passwords, Autofill Profiles, Autofill, Autofill Custom Data, Typed URLs, Extensions, Sessions, Extension settings, History Delete Directives, Device Info, User Consents, Send Tab To Self, Collection, Encryption Keys}
{"logTime": "0202/194716", "correlationVector":"Yzhdsl+sBEv3w0pMzXNKJF.1","action":"SyncServerConnectionManagerRequest", "result":"SYNC_SERVER_OK", "context":{"environment":"Prod_SoutheastAsia_000j", "server":"GENERAL01000008"}}
{"logTime": "0202/194716", "correlationVector":"Yzhdsl+sBEv3w0pMzXNKJF.2","action":"GetUpdates Response", "result":"SYNCER_OK", "context":Received 0 update(s). cV=Yzhdsl+sBEv3w0pMzXNKJF.0;server=GENERAL01000008;cloudType=Consumer;environment=Prod_SoutheastAsia_000j}
{"logTime": "0202/194716", "correlationVector":"B40T4FpaSXKpluEhAx8Xi5","action":"Commit Request", "result":"", "context":Item count: 1
Contributing types: Device Info}
{"logTime": "0202/194716", "correlationVector":"B40T4FpaSXKpluEhAx8Xi5.1","action":"SyncServerConnectionManagerRequest", "result":"SYNC_SERVER_OK", "context":{"environment":"Prod_SoutheastAsia_000j", "server":"GENERAL0100000D"}}
{"logTime": "0202/194716", "correlationVector":"B40T4FpaSXKpluEhAx8Xi5.2","action":"Commit Response", "result":"SYNCER_OK", "context":Result: SYNCER_OK. cV=B40T4FpaSXKpluEhAx8Xi5.0;server=GENERAL0100000D;cloudType=Consumer;environment=Prod_SoutheastAsia_000j}
{"logTime": "0202/194716", "correlationVector":"eAxocI0np5gyB+ehW9Yhfn","action":"Commit Request", "result":"", "context":Item count: 5
Contributing types: Sessions, User Consents}
{"logTime": "0202/194717", "correlationVector":"eAxocI0np5gyB+ehW9Yhfn.1","action":"SyncServerConnectionManagerRequest", "result":"SYNC_SERVER_OK", "context":{"environment":"Prod_SoutheastAsia_000j", "server":"GENERAL0100000D"}}
{"logTime": "0202/194717", "correlationVector":"eAxocI0np5gyB+ehW9Yhfn.2","action":"Commit Response", "result":"SYNCER_OK", "context":Result: SYNCER_OK. cV=eAxocI0np5gyB+ehW9Yhfn.0;server=GENERAL0100000D;cloudType=Consumer;environment=Prod_SoutheastAsia_000j}
{"logTime": "0202/194757", "correlationVector":"+4lEeoim+WLXH+1xRLjg+h","action":"Commit Request", "result":"", "context":Item count: 2
Contributing types: Passwords, Sessions}
{"logTime": "0202/194758", "correlationVector":"+4lEeoim+WLXH+1xRLjg+h.1","action":"SyncServerConnectionManagerRequest", "result":"SYNC_SERVER_OK", "context":{"environment":"Prod_SoutheastAsia_000j", "server":"GENERAL0100000D"}}
{"logTime": "0202/194758", "correlationVector":"+4lEeoim+WLXH+1xRLjg+h.2","action":"Commit Response", "result":"SYNCER_OK", "context":Result: SYNCER_OK. cV=+4lEeoim+WLXH+1xRLjg+h.0;server=GENERAL0100000D;cloudType=Consumer;environment=Prod_SoutheastAsia_000j}
{"logTime": "0202/194910", "correlationVector":"xOFZAMbUKQs93Aa2J2wGGi","action":"Commit Request", "result":"", "context":Item count: 1
Contributing types: Sessions}
{"logTime": "0202/194911", "correlationVector":"xOFZAMbUKQs93Aa2J2wGGi.1","action":"SyncServerConnectionManagerRequest", "result":"SYNC_SERVER_OK", "context":{"environment":"Prod_SoutheastAsia_000j", "server":"GENERAL0100000T"}}
{"logTime": "0202/194911", "correlationVector":"xOFZAMbUKQs93Aa2J2wGGi.2","action":"Commit Response", "result":"SYNCER_OK", "context":Result: SYNCER_OK. cV=xOFZAMbUKQs93Aa2J2wGGi.0;server=GENERAL0100000T;cloudType=Consumer;environment=Prod_SoutheastAsia_000j}
{"logTime": "0202/200526", "correlationVector":"uQpnGdPadN6wiyGJU2vJF3","action":"Commit Request", "result":"", "context":Item count: 1
Contributing types: Sessions}
{"logTime": "0202/200528", "correlationVector":"uQpnGdPadN6wiyGJU2vJF3.1","action":"SyncServerConnectionManagerRequest", "result":"SYNC_SERVER_OK", "context":{"environment":"Prod_SoutheastAsia_000j", "server":"GENERAL01000007"}}
{"logTime": "0202/200528", "correlationVector":"uQpnGdPadN6wiyGJU2vJF3.2","action":"Commit Response", "result":"SYNCER_OK", "context":Result: SYNCER_OK. cV=uQpnGdPadN6wiyGJU2vJF3.0;server=GENERAL01000007;cloudType=Consumer;environment=Prod_SoutheastAsia_000j}
{"logTime": "0202/200707", "correlationVector":"+ioBRGunVUZY8nKtlvbbab","action":"Commit Request", "result":"", "context":Item count: 1
Contributing types: Sessions}
{"logTime": "0202/200709", "correlationVector":"+ioBRGunVUZY8nKtlvbbab.1","action":"SyncServerConnectionManagerRequest", "result":"SYNC_SERVER_OK", "context":{"environment":"Prod_SoutheastAsia_000j", "server":"GENERAL0100000K"}}
{"logTime": "0202/200709", "correlationVector":"+ioBRGunVUZY8nKtlvbbab.2","action":"Commit Response", "result":"SYNCER_OK", "context":Result: SYNCER_OK. cV=+ioBRGunVUZY8nKtlvbbab.0;server=GENERAL0100000K;cloudType=Consumer;environment=Prod_SoutheastAsia_000j}
